[2025-02-25 14:47:40] [INFO] Program started
[2025-02-25 14:47:40] [INFO] Initializing recorder...
[2025-02-25 14:47:40] [INFO] Recorder initialized with microphone: Microphone (Realtek(R) Audio)
[2025-02-25 14:47:40] [INFO] Initializing recognizer...
[2025-02-25 14:47:40] [INFO] Recognizer initialized with Whisper path: software\\whisper.cpp\\bin\\whisper-cli.exe and model path: software\\whisper.cpp\\models\\ggml-base.en.bin
[2025-02-25 14:47:40] [INFO] Initializing text-to-speech...
[2025-02-25 14:47:40] [INFO] TextToSpeech initialized successfully.
[2025-02-25 14:47:40] [INFO] Initializing koboldcpp...
[2025-02-25 14:47:40] [INFO] KoboldClient initialized with server URL: http://localhost:5001/api/generate
[2025-02-25 14:47:40] [INFO] Starting recording to file: files/voice_record.wav
[2025-02-25 14:47:45] [INFO] Silence detected. Stopping the recording.
[2025-02-25 14:47:45] [INFO] Recording finished and saved to: files/voice_record.wav
[2025-02-25 14:47:45] [INFO] Starting recognition for file: files/voice_record.wav
[2025-02-25 14:47:45] [INFO] Executing command: software\\whisper.cpp\\bin\\whisper-cli.exe -m software\\whisper.cpp\\models\\ggml-base.en.bin -f files/voice_record.wav --language en --output-txt --no-prints
[2025-02-25 14:47:47] [ERROR] Recognition failed for file: files/voice_record.wav
[2025-02-25 14:47:47] [ERROR] An error has occurred while performing main task
[2025-02-25 14:47:47] [INFO] Starting recording to file: files/voice_record.wav
[2025-02-25 14:48:30] [INFO] Program started
[2025-02-25 14:48:30] [INFO] Initializing recorder...
[2025-02-25 14:48:30] [INFO] Recorder initialized with microphone: Microphone (Realtek(R) Audio)
[2025-02-25 14:48:30] [INFO] Initializing recognizer...
[2025-02-25 14:48:30] [INFO] Recognizer initialized with Whisper path: software\\whisper.cpp\\bin\\whisper-cli.exe and model path: software\\whisper.cpp\\models\\ggml-base.en.bin
[2025-02-25 14:48:30] [INFO] Initializing text-to-speech...
[2025-02-25 14:48:30] [INFO] TextToSpeech initialized successfully.
[2025-02-25 14:48:30] [INFO] Initializing koboldcpp...
[2025-02-25 14:48:30] [INFO] KoboldClient initialized with server URL: http://localhost:5001/api/generate
[2025-02-25 14:48:30] [INFO] Starting recording to file: files/voice_record.wav
[2025-02-25 14:48:34] [INFO] Silence detected. Stopping the recording.
[2025-02-25 14:48:34] [INFO] Recording finished and saved to: files/voice_record.wav
[2025-02-25 14:48:34] [INFO] Starting recognition for file: files/voice_record.wav
[2025-02-25 14:48:34] [INFO] Executing command: software\\whisper.cpp\\bin\\whisper-cli.exe -m software\\whisper.cpp\\models\\ggml-base.en.bin -f files/voice_record.wav --language en --output-txt --no-prints
[2025-02-25 14:48:36] [ERROR] Recognition failed for file: files/voice_record.wav
[2025-02-25 14:48:36] [ERROR] An error has occurred while performing main task
[2025-02-25 14:48:36] [INFO] Starting recording to file: files/voice_record.wav
[2025-02-25 14:48:39] [INFO] Silence detected. Stopping the recording.
[2025-02-25 14:48:39] [INFO] Recording finished and saved to: files/voice_record.wav
[2025-02-25 14:48:40] [INFO] Starting recognition for file: files/voice_record.wav
[2025-02-25 14:48:40] [INFO] Executing command: software\\whisper.cpp\\bin\\whisper-cli.exe -m software\\whisper.cpp\\models\\ggml-base.en.bin -f files/voice_record.wav --language en --output-txt --no-prints
[2025-02-25 14:48:41] [ERROR] Recognition failed for file: files/voice_record.wav
[2025-02-25 14:48:41] [ERROR] An error has occurred while performing main task
[2025-02-25 14:48:41] [INFO] Starting recording to file: files/voice_record.wav
